This is pdfTeX, Version 3.14159265-2.6-1.40.19 (TeX Live 2018/Arch Linux) (preloaded format=pdflatex 2018.9.16)  20 DEC 2018 13:20
entering extended mode
 restricted \write18 enabled.
 %&-line parsing enabled.
**Archive.tex
(./Archive.tex
LaTeX2e <2018-04-01> patch level 5

! LaTeX Error: Environment figure undefined.

See the LaTeX manual or LaTeX Companion for explanation.
Type  H <return>  for immediate help.
 ...                                              
                                                  
l.5 \begin{figure}
                  
? x
 
Here is how much of TeX's memory you used:
 6 strings out of 492642
 275 string characters out of 6135566
 56442 words of memory out of 5000000
 3992 multiletter control sequences out of 15000+600000
 3640 words of font info for 14 fonts, out of 8000000 for 9000
 1141 hyphenation exceptions out of 8191
 5i,0n,4p,86b,16s stack positions out of 5000i,500n,10000p,200000b,80000s
No pages of output.
PDF statistics:
 0 PDF objects out of 1000 (max. 8388607)
 0 named destinations out of 1000 (max. 500000)
 1 words of extra memory for PDF output out of 10000 (max. 10000000)

