This is pdfTeX, Version 3.14159265-2.6-1.40.19 (TeX Live 2018/Arch Linux) (preloaded format=pdflatex 2019.1.17)  28 APR 2019 17:05
entering extended mode
 restricted \write18 enabled.
 %&-line parsing enabled.
**report
(./report.tex
LaTeX2e <2018-04-01> patch level 5
(/usr/share/texmf-dist/tex/latex/base/article.cls
Document Class: article 2014/09/29 v1.4h Standard LaTeX document class
(/usr/share/texmf-dist/tex/latex/base/size12.clo
File: size12.clo 2014/09/29 v1.4h Standard LaTeX file (size option)
)
\c@part=\count80
\c@section=\count81
\c@subsection=\count82
\c@subsubsection=\count83
\c@paragraph=\count84
\c@subparagraph=\count85
\c@figure=\count86
\c@table=\count87
\abovecaptionskip=\skip41
\belowcaptionskip=\skip42
\bibindent=\dimen102
)
(/usr/share/texmf-dist/tex/latex/amsmath/amsmath.sty
Package: amsmath 2017/09/02 v2.17a AMS math features
\@mathmargin=\skip43

For additional information on amsmath, use the `?' option.
(/usr/share/texmf-dist/tex/latex/amsmath/amstext.sty
Package: amstext 2000/06/29 v2.01 AMS text

(/usr/share/texmf-dist/tex/latex/amsmath/amsgen.sty
File: amsgen.sty 1999/11/30 v2.0 generic functions
\@emptytoks=\toks14
\ex@=\dimen103
))
(/usr/share/texmf-dist/tex/latex/amsmath/amsbsy.sty
Package: amsbsy 1999/11/29 v1.2d Bold Symbols
\pmbraise@=\dimen104
)
(/usr/share/texmf-dist/tex/latex/amsmath/amsopn.sty
Package: amsopn 2016/03/08 v2.02 operator names
)
\inf@bad=\count88
LaTeX Info: Redefining \frac on input line 213.
\uproot@=\count89
\leftroot@=\count90
LaTeX Info: Redefining \overline on input line 375.
\classnum@=\count91
\DOTSCASE@=\count92
LaTeX Info: Redefining \ldots on input line 472.
LaTeX Info: Redefining \dots on input line 475.
LaTeX Info: Redefining \cdots on input line 596.
\Mathstrutbox@=\box26
\strutbox@=\box27
\big@size=\dimen105
LaTeX Font Info:    Redeclaring font encoding OML on input line 712.
LaTeX Font Info:    Redeclaring font encoding OMS on input line 713.
\macc@depth=\count93
\c@MaxMatrixCols=\count94
\dotsspace@=\muskip10
\c@parentequation=\count95
\dspbrk@lvl=\count96
\tag@help=\toks15
\row@=\count97
\column@=\count98
\maxfields@=\count99
\andhelp@=\toks16
\eqnshift@=\dimen106
\alignsep@=\dimen107
\tagshift@=\dimen108
\tagwidth@=\dimen109
\totwidth@=\dimen110
\lineht@=\dimen111
\@envbody=\toks17
\multlinegap=\skip44
\multlinetaggap=\skip45
\mathdisplay@stack=\toks18
LaTeX Info: Redefining \[ on input line 2817.
LaTeX Info: Redefining \] on input line 2818.
)
(/usr/share/texmf-dist/tex/latex/amsfonts/amssymb.sty
Package: amssymb 2013/01/14 v3.01 AMS font symbols

(/usr/share/texmf-dist/tex/latex/amsfonts/amsfonts.sty
Package: amsfonts 2013/01/14 v3.01 Basic AMSFonts support
\symAMSa=\mathgroup4
\symAMSb=\mathgroup5
LaTeX Font Info:    Overwriting math alphabet `\mathfrak' in version `bold'
(Font)                  U/euf/m/n --> U/euf/b/n on input line 106.
))
(/usr/share/texmf-dist/tex/latex/jknapltx/mathrsfs.sty
Package: mathrsfs 1996/01/01 Math RSFS package v1.0 (jk)
\symrsfs=\mathgroup6
)
(/usr/share/texmf-dist/tex/latex/mathtools/mathtools.sty
Package: mathtools 2018/01/08 v1.21 mathematical typesetting tools

(/usr/share/texmf-dist/tex/latex/graphics/keyval.sty
Package: keyval 2014/10/28 v1.15 key=value parser (DPC)
\KV@toks@=\toks19
)
(/usr/share/texmf-dist/tex/latex/tools/calc.sty
Package: calc 2017/05/25 v4.3 Infix arithmetic (KKT,FJ)
\calc@Acount=\count100
\calc@Bcount=\count101
\calc@Adimen=\dimen112
\calc@Bdimen=\dimen113
\calc@Askip=\skip46
\calc@Bskip=\skip47
LaTeX Info: Redefining \setlength on input line 80.
LaTeX Info: Redefining \addtolength on input line 81.
\calc@Ccount=\count102
\calc@Cskip=\skip48
)
(/usr/share/texmf-dist/tex/latex/mathtools/mhsetup.sty
Package: mhsetup 2017/03/31 v1.3 programming setup (MH)
)
LaTeX Info: Thecontrolsequence`\('isalreadyrobust on input line 129.
LaTeX Info: Thecontrolsequence`\)'isalreadyrobust on input line 129.
LaTeX Info: Thecontrolsequence`\['isalreadyrobust on input line 129.
LaTeX Info: Thecontrolsequence`\]'isalreadyrobust on input line 129.
\g_MT_multlinerow_int=\count103
\l_MT_multwidth_dim=\dimen114
\origjot=\skip49
\l_MT_shortvdotswithinadjustabove_dim=\dimen115
\l_MT_shortvdotswithinadjustbelow_dim=\dimen116
\l_MT_above_intertext_sep=\dimen117
\l_MT_below_intertext_sep=\dimen118
\l_MT_above_shortintertext_sep=\dimen119
\l_MT_below_shortintertext_sep=\dimen120
)
(/usr/share/texmf-dist/tex/latex/listings/listings.sty
\lst@mode=\count104
\lst@gtempboxa=\box28
\lst@token=\toks20
\lst@length=\count105
\lst@currlwidth=\dimen121
\lst@column=\count106
\lst@pos=\count107
\lst@lostspace=\dimen122
\lst@width=\dimen123
\lst@newlines=\count108
\lst@lineno=\count109
\lst@maxwidth=\dimen124

(/usr/share/texmf-dist/tex/latex/listings/lstmisc.sty
File: lstmisc.sty 2018/09/02 1.7 (Carsten Heinz)
\c@lstnumber=\count110
\lst@skipnumbers=\count111
\lst@framebox=\box29
)
(/usr/share/texmf-dist/tex/latex/listings/listings.cfg
File: listings.cfg 2018/09/02 1.7 listings configuration
))
Package: listings 2018/09/02 1.7 (Carsten Heinz)

(/usr/share/texmf-dist/tex/latex/psnfss/courier.sty
Package: courier 2005/04/12 PSNFSS-v9.2a (WaS) 
)
(/usr/share/texmf-dist/tex/latex/graphics/graphicx.sty
Package: graphicx 2017/06/01 v1.1a Enhanced LaTeX Graphics (DPC,SPQR)

(/usr/share/texmf-dist/tex/latex/graphics/graphics.sty
Package: graphics 2017/06/25 v1.2c Standard LaTeX Graphics (DPC,SPQR)

(/usr/share/texmf-dist/tex/latex/graphics/trig.sty
Package: trig 2016/01/03 v1.10 sin cos tan (DPC)
)
(/usr/share/texmf-dist/tex/latex/graphics-cfg/graphics.cfg
File: graphics.cfg 2016/06/04 v1.11 sample graphics configuration
)
Package graphics Info: Driver file: pdftex.def on input line 99.

(/usr/share/texmf-dist/tex/latex/graphics-def/pdftex.def
File: pdftex.def 2018/01/08 v1.0l Graphics/color driver for pdftex
))
\Gin@req@height=\dimen125
\Gin@req@width=\dimen126
)
(/usr/share/texmf-dist/tex/latex/l3packages/xfrac/xfrac.sty
(/usr/share/texmf-dist/tex/latex/l3kernel/expl3.sty
Package: expl3 2018-11-19 L3 programming layer (loader) 

(/usr/share/texmf-dist/tex/latex/l3kernel/expl3-code.tex
Package: expl3 2018-11-19 L3 programming layer (code)
\c_max_int=\count112
\l_tmpa_int=\count113
\l_tmpb_int=\count114
\g_tmpa_int=\count115
\g_tmpb_int=\count116
\g__kernel_prg_map_int=\count117
\c_log_iow=\count118
\l_iow_line_count_int=\count119
\l__iow_line_target_int=\count120
\l__iow_one_indent_int=\count121
\l__iow_indent_int=\count122
\c_zero_dim=\dimen127
\c_max_dim=\dimen128
\l_tmpa_dim=\dimen129
\l_tmpb_dim=\dimen130
\g_tmpa_dim=\dimen131
\g_tmpb_dim=\dimen132
\c_zero_skip=\skip50
\c_max_skip=\skip51
\l_tmpa_skip=\skip52
\l_tmpb_skip=\skip53
\g_tmpa_skip=\skip54
\g_tmpb_skip=\skip55
\c_zero_muskip=\muskip11
\c_max_muskip=\muskip12
\l_tmpa_muskip=\muskip13
\l_tmpb_muskip=\muskip14
\g_tmpa_muskip=\muskip15
\g_tmpb_muskip=\muskip16
\l_keys_choice_int=\count123
\l__intarray_loop_int=\count124
\c__intarray_sp_dim=\dimen133
\g__intarray_font_int=\count125
\c__fp_leading_shift_int=\count126
\c__fp_middle_shift_int=\count127
\c__fp_trailing_shift_int=\count128
\c__fp_big_leading_shift_int=\count129
\c__fp_big_middle_shift_int=\count130
\c__fp_big_trailing_shift_int=\count131
\c__fp_Bigg_leading_shift_int=\count132
\c__fp_Bigg_middle_shift_int=\count133
\c__fp_Bigg_trailing_shift_int=\count134
\c__kernel_randint_max_int=\count135
\g__fp_array_int=\count136
\l__fp_array_loop_int=\count137
\l__sort_length_int=\count138
\l__sort_min_int=\count139
\l__sort_top_int=\count140
\l__sort_max_int=\count141
\l__sort_true_max_int=\count142
\l__sort_block_int=\count143
\l__sort_begin_int=\count144
\l__sort_end_int=\count145
\l__sort_A_int=\count146
\l__sort_B_int=\count147
\l__sort_C_int=\count148
\l__tl_analysis_normal_int=\count149
\l__tl_analysis_index_int=\count150
\l__tl_analysis_nesting_int=\count151
\l__tl_analysis_type_int=\count152
\l__regex_internal_a_int=\count153
\l__regex_internal_b_int=\count154
\l__regex_internal_c_int=\count155
\l__regex_balance_int=\count156
\l__regex_group_level_int=\count157
\l__regex_mode_int=\count158
\c__regex_cs_in_class_mode_int=\count159
\c__regex_cs_mode_int=\count160
\l__regex_catcodes_int=\count161
\l__regex_default_catcodes_int=\count162
\c__regex_catcode_D_int=\count163
\c__regex_catcode_S_int=\count164
\c__regex_catcode_L_int=\count165
\c__regex_catcode_O_int=\count166
\c__regex_catcode_A_int=\count167
\c__regex_all_catcodes_int=\count168
\l__regex_show_lines_int=\count169
\l__regex_min_state_int=\count170
\l__regex_max_state_int=\count171
\l__regex_left_state_int=\count172
\l__regex_right_state_int=\count173
\l__regex_capturing_group_int=\count174
\l__regex_min_pos_int=\count175
\l__regex_max_pos_int=\count176
\l__regex_curr_pos_int=\count177
\l__regex_start_pos_int=\count178
\l__regex_success_pos_int=\count179
\l__regex_curr_char_int=\count180
\l__regex_curr_catcode_int=\count181
\l__regex_last_char_int=\count182
\l__regex_case_changed_char_int=\count183
\l__regex_curr_state_int=\count184
\l__regex_step_int=\count185
\l__regex_min_active_int=\count186
\l__regex_max_active_int=\count187
\l__regex_replacement_csnames_int=\count188
\l__regex_match_count_int=\count189
\l__regex_min_submatch_int=\count190
\l__regex_submatch_int=\count191
\l__regex_zeroth_submatch_int=\count192
\g__regex_trace_regex_int=\count193
\c_empty_box=\box30
\l_tmpa_box=\box31
\l_tmpb_box=\box32
\g_tmpa_box=\box33
\g_tmpb_box=\box34
\l__box_top_dim=\dimen134
\l__box_bottom_dim=\dimen135
\l__box_left_dim=\dimen136
\l__box_right_dim=\dimen137
\l__box_top_new_dim=\dimen138
\l__box_bottom_new_dim=\dimen139
\l__box_left_new_dim=\dimen140
\l__box_right_new_dim=\dimen141
\l__box_internal_box=\box35
\l__coffin_internal_box=\box36
\l__coffin_internal_dim=\dimen142
\l__coffin_offset_x_dim=\dimen143
\l__coffin_offset_y_dim=\dimen144
\l__coffin_x_dim=\dimen145
\l__coffin_y_dim=\dimen146
\l__coffin_x_prime_dim=\dimen147
\l__coffin_y_prime_dim=\dimen148
\c_empty_coffin=\box37
\l__coffin_aligned_coffin=\box38
\l__coffin_aligned_internal_coffin=\box39
\l_tmpa_coffin=\box40
\l_tmpb_coffin=\box41
\l__coffin_display_coffin=\box42
\l__coffin_display_coord_coffin=\box43
\l__coffin_display_pole_coffin=\box44
\l__coffin_display_offset_dim=\dimen149
\l__coffin_display_x_dim=\dimen150
\l__coffin_display_y_dim=\dimen151
\g__file_internal_ior=\read1
\l__coffin_bounding_shift_dim=\dimen152
\l__coffin_left_corner_dim=\dimen153
\l__coffin_right_corner_dim=\dimen154
\l__coffin_bottom_corner_dim=\dimen155
\l__coffin_top_corner_dim=\dimen156
\l__coffin_scaled_total_height_dim=\dimen157
\l__coffin_scaled_width_dim=\dimen158
\l__seq_internal_a_int=\count194
\l__seq_internal_b_int=\count195
)
(/usr/share/texmf-dist/tex/latex/l3kernel/l3pdfmode.def
File: l3pdfmode.def 2018-11-19 v L3 Experimental driver: PDF mode
\l__driver_color_stack_int=\count196
))
(/usr/share/texmf-dist/tex/latex/l3packages/l3keys2e/l3keys2e.sty
Package: l3keys2e 2018-10-17 LaTeX2e option processing using LaTeX3 keys
)
(/usr/share/texmf-dist/tex/latex/base/textcomp.sty
Package: textcomp 2017/04/05 v2.0i Standard LaTeX package
Package textcomp Info: Sub-encoding information:
(textcomp)               5 = only ISO-Adobe without \textcurrency
(textcomp)               4 = 5 + \texteuro
(textcomp)               3 = 4 + \textohm
(textcomp)               2 = 3 + \textestimated + \textcurrency
(textcomp)               1 = TS1 - \textcircled - \t
(textcomp)               0 = TS1 (full)
(textcomp)             Font families with sub-encoding setting implement
(textcomp)             only a restricted character set as indicated.
(textcomp)             Family '?' is the default used for unknown fonts.
(textcomp)             See the documentation for details.
Package textcomp Info: Setting ? sub-encoding to TS1/1 on input line 79.

(/usr/share/texmf-dist/tex/latex/base/ts1enc.def
File: ts1enc.def 2001/06/05 v3.0e (jk/car/fm) Standard LaTeX file
Now handling font encoding TS1 ...
... processing UTF-8 mapping file for font encoding TS1

(/usr/share/texmf-dist/tex/latex/base/ts1enc.dfu
File: ts1enc.dfu 2018/04/05 v1.2c UTF-8 support for inputenc
   defining Unicode char U+00A2 (decimal 162)
   defining Unicode char U+00A3 (decimal 163)
   defining Unicode char U+00A4 (decimal 164)
   defining Unicode char U+00A5 (decimal 165)
   defining Unicode char U+00A6 (decimal 166)
   defining Unicode char U+00A7 (decimal 167)
   defining Unicode char U+00A8 (decimal 168)
   defining Unicode char U+00A9 (decimal 169)
   defining Unicode char U+00AA (decimal 170)
   defining Unicode char U+00AC (decimal 172)
   defining Unicode char U+00AE (decimal 174)
   defining Unicode char U+00AF (decimal 175)
   defining Unicode char U+00B0 (decimal 176)
   defining Unicode char U+00B1 (decimal 177)
   defining Unicode char U+00B2 (decimal 178)
   defining Unicode char U+00B3 (decimal 179)
   defining Unicode char U+00B4 (decimal 180)
   defining Unicode char U+00B5 (decimal 181)
   defining Unicode char U+00B6 (decimal 182)
   defining Unicode char U+00B7 (decimal 183)
   defining Unicode char U+00B9 (decimal 185)
   defining Unicode char U+00BA (decimal 186)
   defining Unicode char U+00BC (decimal 188)
   defining Unicode char U+00BD (decimal 189)
   defining Unicode char U+00BE (decimal 190)
   defining Unicode char U+00D7 (decimal 215)
   defining Unicode char U+00F7 (decimal 247)
   defining Unicode char U+0192 (decimal 402)
   defining Unicode char U+02C7 (decimal 711)
   defining Unicode char U+02D8 (decimal 728)
   defining Unicode char U+02DD (decimal 733)
   defining Unicode char U+0E3F (decimal 3647)
   defining Unicode char U+2016 (decimal 8214)
   defining Unicode char U+2020 (decimal 8224)
   defining Unicode char U+2021 (decimal 8225)
   defining Unicode char U+2022 (decimal 8226)
   defining Unicode char U+2030 (decimal 8240)
   defining Unicode char U+2031 (decimal 8241)
   defining Unicode char U+203B (decimal 8251)
   defining Unicode char U+203D (decimal 8253)
   defining Unicode char U+2044 (decimal 8260)
   defining Unicode char U+204E (decimal 8270)
   defining Unicode char U+2052 (decimal 8274)
   defining Unicode char U+20A1 (decimal 8353)
   defining Unicode char U+20A4 (decimal 8356)
   defining Unicode char U+20A6 (decimal 8358)
   defining Unicode char U+20A9 (decimal 8361)
   defining Unicode char U+20AB (decimal 8363)
   defining Unicode char U+20AC (decimal 8364)
   defining Unicode char U+20B1 (decimal 8369)
   defining Unicode char U+2103 (decimal 8451)
   defining Unicode char U+2116 (decimal 8470)
   defining Unicode char U+2117 (decimal 8471)
   defining Unicode char U+211E (decimal 8478)
   defining Unicode char U+2120 (decimal 8480)
   defining Unicode char U+2122 (decimal 8482)
   defining Unicode char U+2126 (decimal 8486)
   defining Unicode char U+2127 (decimal 8487)
   defining Unicode char U+212E (decimal 8494)
   defining Unicode char U+2190 (decimal 8592)
   defining Unicode char U+2191 (decimal 8593)
   defining Unicode char U+2192 (decimal 8594)
   defining Unicode char U+2193 (decimal 8595)
   defining Unicode char U+2329 (decimal 9001)
   defining Unicode char U+232A (decimal 9002)
   defining Unicode char U+2422 (decimal 9250)
   defining Unicode char U+25E6 (decimal 9702)
   defining Unicode char U+25EF (decimal 9711)
   defining Unicode char U+266A (decimal 9834)
   defining Unicode char U+FEFF (decimal 65279)
))
LaTeX Info: Redefining \oldstylenums on input line 334.
Package textcomp Info: Setting cmr sub-encoding to TS1/0 on input line 349.
Package textcomp Info: Setting cmss sub-encoding to TS1/0 on input line 350.
Package textcomp Info: Setting cmtt sub-encoding to TS1/0 on input line 351.
Package textcomp Info: Setting cmvtt sub-encoding to TS1/0 on input line 352.
Package textcomp Info: Setting cmbr sub-encoding to TS1/0 on input line 353.
Package textcomp Info: Setting cmtl sub-encoding to TS1/0 on input line 354.
Package textcomp Info: Setting ccr sub-encoding to TS1/0 on input line 355.
Package textcomp Info: Setting ptm sub-encoding to TS1/4 on input line 356.
Package textcomp Info: Setting pcr sub-encoding to TS1/4 on input line 357.
Package textcomp Info: Setting phv sub-encoding to TS1/4 on input line 358.
Package textcomp Info: Setting ppl sub-encoding to TS1/3 on input line 359.
Package textcomp Info: Setting pag sub-encoding to TS1/4 on input line 360.
Package textcomp Info: Setting pbk sub-encoding to TS1/4 on input line 361.
Package textcomp Info: Setting pnc sub-encoding to TS1/4 on input line 362.
Package textcomp Info: Setting pzc sub-encoding to TS1/4 on input line 363.
Package textcomp Info: Setting bch sub-encoding to TS1/4 on input line 364.
Package textcomp Info: Setting put sub-encoding to TS1/5 on input line 365.
Package textcomp Info: Setting uag sub-encoding to TS1/5 on input line 366.
Package textcomp Info: Setting ugq sub-encoding to TS1/5 on input line 367.
Package textcomp Info: Setting ul8 sub-encoding to TS1/4 on input line 368.
Package textcomp Info: Setting ul9 sub-encoding to TS1/4 on input line 369.
Package textcomp Info: Setting augie sub-encoding to TS1/5 on input line 370.
Package textcomp Info: Setting dayrom sub-encoding to TS1/3 on input line 371.
Package textcomp Info: Setting dayroms sub-encoding to TS1/3 on input line 372.

Package textcomp Info: Setting pxr sub-encoding to TS1/0 on input line 373.
Package textcomp Info: Setting pxss sub-encoding to TS1/0 on input line 374.
Package textcomp Info: Setting pxtt sub-encoding to TS1/0 on input line 375.
Package textcomp Info: Setting txr sub-encoding to TS1/0 on input line 376.
Package textcomp Info: Setting txss sub-encoding to TS1/0 on input line 377.
Package textcomp Info: Setting txtt sub-encoding to TS1/0 on input line 378.
Package textcomp Info: Setting lmr sub-encoding to TS1/0 on input line 379.
Package textcomp Info: Setting lmdh sub-encoding to TS1/0 on input line 380.
Package textcomp Info: Setting lmss sub-encoding to TS1/0 on input line 381.
Package textcomp Info: Setting lmssq sub-encoding to TS1/0 on input line 382.
Package textcomp Info: Setting lmvtt sub-encoding to TS1/0 on input line 383.
Package textcomp Info: Setting lmtt sub-encoding to TS1/0 on input line 384.
Package textcomp Info: Setting qhv sub-encoding to TS1/0 on input line 385.
Package textcomp Info: Setting qag sub-encoding to TS1/0 on input line 386.
Package textcomp Info: Setting qbk sub-encoding to TS1/0 on input line 387.
Package textcomp Info: Setting qcr sub-encoding to TS1/0 on input line 388.
Package textcomp Info: Setting qcs sub-encoding to TS1/0 on input line 389.
Package textcomp Info: Setting qpl sub-encoding to TS1/0 on input line 390.
Package textcomp Info: Setting qtm sub-encoding to TS1/0 on input line 391.
Package textcomp Info: Setting qzc sub-encoding to TS1/0 on input line 392.
Package textcomp Info: Setting qhvc sub-encoding to TS1/0 on input line 393.
Package textcomp Info: Setting futs sub-encoding to TS1/4 on input line 394.
Package textcomp Info: Setting futx sub-encoding to TS1/4 on input line 395.
Package textcomp Info: Setting futj sub-encoding to TS1/4 on input line 396.
Package textcomp Info: Setting hlh sub-encoding to TS1/3 on input line 397.
Package textcomp Info: Setting hls sub-encoding to TS1/3 on input line 398.
Package textcomp Info: Setting hlst sub-encoding to TS1/3 on input line 399.
Package textcomp Info: Setting hlct sub-encoding to TS1/5 on input line 400.
Package textcomp Info: Setting hlx sub-encoding to TS1/5 on input line 401.
Package textcomp Info: Setting hlce sub-encoding to TS1/5 on input line 402.
Package textcomp Info: Setting hlcn sub-encoding to TS1/5 on input line 403.
Package textcomp Info: Setting hlcw sub-encoding to TS1/5 on input line 404.
Package textcomp Info: Setting hlcf sub-encoding to TS1/5 on input line 405.
Package textcomp Info: Setting pplx sub-encoding to TS1/3 on input line 406.
Package textcomp Info: Setting pplj sub-encoding to TS1/3 on input line 407.
Package textcomp Info: Setting ptmx sub-encoding to TS1/4 on input line 408.
Package textcomp Info: Setting ptmj sub-encoding to TS1/4 on input line 409.
)
(/usr/share/texmf-dist/tex/latex/l3packages/xparse/xparse.sty
Package: xparse 2018-10-17 L3 Experimental document command parser
\l__xparse_current_arg_int=\count197
\g__xparse_grabber_int=\count198
\l__xparse_m_args_int=\count199
\l__xparse_mandatory_args_int=\count266
\l__xparse_v_nesting_int=\count267
)
(/usr/share/texmf-dist/tex/latex/l3packages/xtemplate/xtemplate.sty
Package: xtemplate 2018-10-17 L3 Experimental prototype document functions
\l__xtemplate_tmp_dim=\dimen159
\l__xtemplate_tmp_int=\count268
\l__xtemplate_tmp_muskip=\muskip17
\l__xtemplate_tmp_skip=\skip56
)
Package: xfrac 2018-10-17 L3 Experimental split-level fractions
\l__xfrac_slash_box=\box45
\l__xfrac_tmp_box=\box46
\l__xfrac_denominator_bot_sep_dim=\dimen160
\l__xfrac_numerator_bot_sep_dim=\dimen161
\l__xfrac_numerator_top_sep_dim=\dimen162
\l__xfrac_slash_left_sep_dim=\dimen163
\l__xfrac_slash_right_sep_dim=\dimen164
\l__xfrac_slash_left_muskip=\muskip18
\l__xfrac_slash_right_muskip=\muskip19

Package xtemplate Info: Declaring object type 'xfrac' taking 3 argument(s) on
(xtemplate)             line 80.

)
(./report.aux

LaTeX Warning: Label `fig:my_label' multiply defined.


LaTeX Warning: Label `fig:my_label' multiply defined.

)
\openout1 = `report.aux'.

LaTeX Font Info:    Checking defaults for OML/cmm/m/it on input line 18.
LaTeX Font Info:    ... okay on input line 18.
LaTeX Font Info:    Checking defaults for T1/cmr/m/n on input line 18.
LaTeX Font Info:    ... okay on input line 18.
LaTeX Font Info:    Checking defaults for OT1/cmr/m/n on input line 18.
LaTeX Font Info:    ... okay on input line 18.
LaTeX Font Info:    Checking defaults for OMS/cmsy/m/n on input line 18.
LaTeX Font Info:    ... okay on input line 18.
LaTeX Font Info:    Checking defaults for OMX/cmex/m/n on input line 18.
LaTeX Font Info:    ... okay on input line 18.
LaTeX Font Info:    Checking defaults for U/cmr/m/n on input line 18.
LaTeX Font Info:    ... okay on input line 18.
LaTeX Font Info:    Checking defaults for TS1/cmr/m/n on input line 18.
LaTeX Font Info:    Try loading font information for TS1+cmr on input line 18.
 (/usr/share/texmf-dist/tex/latex/base/ts1cmr.fd
File: ts1cmr.fd 2014/09/29 v2.5h Standard LaTeX font definitions
)
LaTeX Font Info:    ... okay on input line 18.
\c@lstlisting=\count269

(/usr/share/texmf-dist/tex/context/base/mkii/supp-pdf.mkii
[Loading MPS to PDF converter (version 2006.09.02).]
\scratchcounter=\count270
\scratchdimen=\dimen165
\scratchbox=\box47
\nofMPsegments=\count271
\nofMParguments=\count272
\everyMPshowfont=\toks21
\MPscratchCnt=\count273
\MPscratchDim=\dimen166
\MPnumerator=\count274
\makeMPintoPDFobject=\count275
\everyMPtoPDFconversion=\toks22
) (/usr/share/texmf-dist/tex/latex/oberdiek/epstopdf-base.sty
Package: epstopdf-base 2016/05/15 v2.6 Base part for package epstopdf

(/usr/share/texmf-dist/tex/generic/oberdiek/infwarerr.sty
Package: infwarerr 2016/05/16 v1.4 Providing info/warning/error messages (HO)
)
(/usr/share/texmf-dist/tex/latex/oberdiek/grfext.sty
Package: grfext 2016/05/16 v1.2 Manage graphics extensions (HO)

(/usr/share/texmf-dist/tex/generic/oberdiek/kvdefinekeys.sty
Package: kvdefinekeys 2016/05/16 v1.4 Define keys (HO)

(/usr/share/texmf-dist/tex/generic/oberdiek/ltxcmds.sty
Package: ltxcmds 2016/05/16 v1.23 LaTeX kernel commands for general use (HO)
)))
(/usr/share/texmf-dist/tex/latex/oberdiek/kvoptions.sty
Package: kvoptions 2016/05/16 v3.12 Key value format for package options (HO)

(/usr/share/texmf-dist/tex/generic/oberdiek/kvsetkeys.sty
Package: kvsetkeys 2016/05/16 v1.17 Key value parser (HO)

(/usr/share/texmf-dist/tex/generic/oberdiek/etexcmds.sty
Package: etexcmds 2016/05/16 v1.6 Avoid name clashes with e-TeX commands (HO)

(/usr/share/texmf-dist/tex/generic/oberdiek/ifluatex.sty
Package: ifluatex 2016/05/16 v1.4 Provides the ifluatex switch (HO)
Package ifluatex Info: LuaTeX not detected.
)
Package etexcmds Info: Could not find \expanded.
(etexcmds)             That can mean that you are not using pdfTeX 1.50 or
(etexcmds)             that some package has redefined \expanded.
(etexcmds)             In the latter case, load this package earlier.
)))
(/usr/share/texmf-dist/tex/generic/oberdiek/pdftexcmds.sty
Package: pdftexcmds 2018/09/10 v0.29 Utility functions of pdfTeX for LuaTeX (HO
)

(/usr/share/texmf-dist/tex/generic/oberdiek/ifpdf.sty
Package: ifpdf 2018/09/07 v3.3 Provides the ifpdf switch
)
Package pdftexcmds Info: LuaTeX not detected.
Package pdftexcmds Info: \pdf@primitive is available.
Package pdftexcmds Info: \pdf@ifprimitive is available.
Package pdftexcmds Info: \pdfdraftmode found.
)
Package epstopdf-base Info: Redefining graphics rule for `.eps' on input line 4
38.
Package grfext Info: Graphics extension search list:
(grfext)             [.pdf,.png,.jpg,.mps,.jpeg,.jbig2,.jb2,.PDF,.PNG,.JPG,.JPE
G,.JBIG2,.JB2,.eps]
(grfext)             \AppendGraphicsExtensions on input line 456.

(/usr/share/texmf-dist/tex/latex/latexconfig/epstopdf-sys.cfg
File: epstopdf-sys.cfg 2010/07/13 v1.3 Configuration of (r)epstopdf for TeX Liv
e
))
LaTeX Font Info:    Try loading font information for U+msa on input line 19.

(/usr/share/texmf-dist/tex/latex/amsfonts/umsa.fd
File: umsa.fd 2013/01/14 v3.01 AMS symbols A
)
LaTeX Font Info:    Try loading font information for U+msb on input line 19.

(/usr/share/texmf-dist/tex/latex/amsfonts/umsb.fd
File: umsb.fd 2013/01/14 v3.01 AMS symbols B
)
LaTeX Font Info:    Try loading font information for U+rsfs on input line 19.

(/usr/share/texmf-dist/tex/latex/jknapltx/ursfs.fd
File: ursfs.fd 1998/03/24 rsfs font definition file (jk)
) [1

{/var/lib/texmf/fonts/map/pdftex/updmap/pdftex.map}] [2

] [3]
<sampling.png, id=15, 789.70032pt x 300.3722pt>
File: sampling.png Graphic file (type png)
<use sampling.png>
Package pdftex.def Info: sampling.png  used on input line 35.
(pdftex.def)             Requested size: 390.0pt x 148.34323pt.
 [4 <./sampling.PNG>]
<kinectsample.png, id=21, 705.38531pt x 383.93437pt>
File: kinectsample.png Graphic file (type png)
<use kinectsample.png>
Package pdftex.def Info: kinectsample.png  used on input line 46.
(pdftex.def)             Requested size: 390.0pt x 212.27177pt.
 [5 <./kinectsample.PNG>] [6] [7]
<subroutine2.png, id=33, 462.528pt x 346.896pt>
File: subroutine2.png Graphic file (type png)
<use subroutine2.png>
Package pdftex.def Info: subroutine2.png  used on input line 61.
(pdftex.def)             Requested size: 390.0pt x 292.5128pt.
<Result.png, id=34, 505.1673pt x 508.7808pt>
File: Result.png Graphic file (type png)
<use Result.png>
Package pdftex.def Info: Result.png  used on input line 68.
(pdftex.def)             Requested size: 390.0pt x 392.79495pt.
 [8 <./subroutine2.png>] [9 <./Result.png>]
<transmission.png, id=43, 754.31813pt x 293.59688pt>
File: transmission.png Graphic file (type png)
<use transmission.png>
Package pdftex.def Info: transmission.png  used on input line 80.
(pdftex.def)             Requested size: 390.0pt x 151.79318pt.
 [10 <./transmission.PNG>] [11] [12]
<tupac5.png, id=58, 307.1475pt x 164.11313pt>
File: tupac5.png Graphic file (type png)
<use tupac5.png>
Package pdftex.def Info: tupac5.png  used on input line 224.
(pdftex.def)             Requested size: 284.52756pt x 152.03764pt.
 [13] [14 <./tupac5.png (PNG copy)>] [15]
<tupac7.png, id=73, 508.90125pt x 442.65375pt>
File: tupac7.png Graphic file (type png)
<use tupac7.png>
Package pdftex.def Info: tupac7.png  used on input line 314.
(pdftex.def)             Requested size: 284.52756pt x 247.4994pt.
 [16 <./tupac7.png (PNG copy)>]
<tupac8.png, id=78, 176.15813pt x 164.86594pt>
File: tupac8.png Graphic file (type png)
<use tupac8.png>
Package pdftex.def Info: tupac8.png  used on input line 365.
(pdftex.def)             Requested size: 142.26378pt x 133.14317pt.
 [17]
<tupac11.png, id=82, 268.00125pt x 222.07968pt>
File: tupac11.png Graphic file (type png)
<use tupac11.png>
Package pdftex.def Info: tupac11.png  used on input line 399.
(pdftex.def)             Requested size: 284.52756pt x 235.77269pt.
 [18 <./tupac8.png (PNG copy)>]
<tupac12.png, id=87, 372.64218pt x 167.12437pt>
File: tupac12.png Graphic file (type png)
<use tupac12.png>
Package pdftex.def Info: tupac12.png  used on input line 403.
(pdftex.def)             Requested size: 284.52756pt x 127.61pt.
 [19 <./tupac11.png (PNG copy)> <./tupac12.png (PNG copy)>] [20] [21] [22]
<tupac13.png, id=101, 460.72125pt x 225.09094pt>
File: tupac13.png Graphic file (type png)
<use tupac13.png>
Package pdftex.def Info: tupac13.png  used on input line 562.
(pdftex.def)             Requested size: 284.52756pt x 139.00882pt.
<tupac9.png, id=102, 359.84438pt x 160.34906pt>
File: tupac9.png Graphic file (type png)
<use tupac9.png>
Package pdftex.def Info: tupac9.png  used on input line 580.
(pdftex.def)             Requested size: 284.52756pt x 126.79669pt.
 [23 <./tupac13.png (PNG copy)> <./tupac9.png (PNG copy)>]
Overfull \hbox (12.29288pt too wide) detected at line 592
[][]
 []

<tupac14.png, id=106, 278.54062pt x 107.65219pt>
File: tupac14.png Graphic file (type png)
<use tupac14.png>
Package pdftex.def Info: tupac14.png  used on input line 612.
(pdftex.def)             Requested size: 284.52756pt x 109.96803pt.
[24 <./tupac14.png (PNG copy)>]
<tupac10.png, id=110, 1250.6725pt x 776.9025pt>
File: tupac10.png Graphic file (type png)
<use tupac10.png>
Package pdftex.def Info: tupac10.png  used on input line 630.
(pdftex.def)             Requested size: 284.52756pt x 176.73965pt.
 [25 <./tupac10.png>] [26]
<holder.png, id=119, 210.7875pt x 296.60812pt>
File: holder.png Graphic file (type png)
<use holder.png>
Package pdftex.def Info: holder.png  used on input line 649.
(pdftex.def)             Requested size: 284.52756pt x 400.38104pt.
 [27 <./holder.png (PNG copy)>]
<initHologram.png, id=123, 272.51813pt x 289.08pt>
File: initHologram.png Graphic file (type png)
<use initHologram.png>
Package pdftex.def Info: initHologram.png  used on input line 655.
(pdftex.def)             Requested size: 284.52756pt x 301.83589pt.
<noisy_hologram.jpg, id=124, 840.13875pt x 476.78125pt>
File: noisy_hologram.jpg Graphic file (type jpg)
<use noisy_hologram.jpg>
Package pdftex.def Info: noisy_hologram.jpg  used on input line 661.
(pdftex.def)             Requested size: 284.52756pt x 161.47054pt.
 [28 <./initHologram.png (PNG copy)>]

LaTeX Warning: Reference `ochiai2015fairy' on page 29 undefined on input line 6
68.


LaTeX Warning: Reference `sano2017holography' on page 29 undefined on input lin
e 668.


LaTeX Warning: Reference `ochiai2015fairy' on page 29 undefined on input line 6
68.


LaTeX Warning: Reference `Femto' on page 29 undefined on input line 668.


LaTeX Warning: Reference `Galvano' on page 29 undefined on input line 668.


LaTeX Warning: Reference `sano2017holography' on page 29 undefined on input lin
e 668.

[29 <./noisy_hologram.jpg>]
<eye_disp_pic.png, id=131, 578.16pt x 327.47343pt>
File: eye_disp_pic.png Graphic file (type png)
<use eye_disp_pic.png>
Package pdftex.def Info: eye_disp_pic.png  used on input line 677.
(pdftex.def)             Requested size: 284.52756pt x 161.15794pt.
LaTeX Font Info:    Try loading font information for OT1+ptm on input line 680.

 (/usr/share/texmf-dist/tex/latex/psnfss/ot1ptm.fd
File: ot1ptm.fd 2001/06/04 font definitions for OT1/ptm.
)
LaTeX Font Info:    Try loading font information for TS1+ptm on input line 680.


(/usr/share/texmf-dist/tex/latex/psnfss/ts1ptm.fd
File: ts1ptm.fd 2001/06/04 font definitions for TS1/ptm.
)
LaTeX Font Info:    Calculating math sizes for size <6.69992> on input line 680
.


LaTeX Font Warning: Font shape `OT1/cmr/m/n' in size <3.34996> not available
(Font)              size <5> substituted on input line 680.


LaTeX Font Warning: Font shape `OML/cmm/m/it' in size <3.34996> not available
(Font)              size <5> substituted on input line 680.


LaTeX Font Warning: Font shape `OMS/cmsy/m/n' in size <3.34996> not available
(Font)              size <5> substituted on input line 680.


LaTeX Font Warning: Font shape `U/rsfs/m/n' in size <3.34996> not available
(Font)              size <5> substituted on input line 680.

[30 <./eye_disp_pic.png (PNG copy)>]
<dilation_pic.png, id=135, 309.40594pt x 371.13657pt>
File: dilation_pic.png Graphic file (type png)
<use dilation_pic.png>
Package pdftex.def Info: dilation_pic.png  used on input line 685.
(pdftex.def)             Requested size: 284.52756pt x 341.32518pt.
 [31 <./dilation_pic.png (PNG copy)>]
<eye_distances.png, id=143, 556.32843pt x 175.40532pt>
File: eye_distances.png Graphic file (type png)
<use eye_distances.png>
Package pdftex.def Info: eye_distances.png  used on input line 691.
(pdftex.def)             Requested size: 284.52756pt x 89.70978pt.
<image_depth_pair.png, id=144, 325.96782pt x 102.3825pt>
File: image_depth_pair.png Graphic file (type png)
<use image_depth_pair.png>
Package pdftex.def Info: image_depth_pair.png  used on input line 701.
(pdftex.def)             Requested size: 284.52756pt x 89.37357pt.
<stereoscopic_pair.png, id=145, 324.46219pt x 101.62968pt>
File: stereoscopic_pair.png Graphic file (type png)
<use stereoscopic_pair.png>
Package pdftex.def Info: stereoscopic_pair.png  used on input line 707.
(pdftex.def)             Requested size: 284.52756pt x 89.12733pt.

[32 <./eye_distances.png (PNG copy)> <./image_depth_pair.png (PNG copy)>]
<goggles.png, id=150, 1927.2pt x 1084.05pt>
File: goggles.png Graphic file (type png)
<use goggles.png>
Package pdftex.def Info: goggles.png  used on input line 715.
(pdftex.def)             Requested size: 284.52756pt x 160.03659pt.
<goggle_stereoscopic.png, id=151, 975.645pt x 197.23688pt>
File: goggle_stereoscopic.png Graphic file (type png)
<use goggle_stereoscopic.png>
Package pdftex.def Info: goggle_stereoscopic.png  used on input line 721.
(pdftex.def)             Requested size: 284.52756pt x 57.51924pt.
<final_hologram.jpg, id=152, 4047.12pt x 3035.34pt>
File: final_hologram.jpg Graphic file (type jpg)
<use final_hologram.jpg>
Package pdftex.def Info: final_hologram.jpg  used on input line 727.
(pdftex.def)             Requested size: 284.52756pt x 213.3755pt.

[33 <./stereoscopic_pair.png (PNG copy)> <./goggles.png (PNG copy)> <./goggle_s
tereoscopic.png (PNG copy)>] [34 <./final_hologram.jpg>] [35] (./report.bbl)
[36] (./report.aux)

LaTeX Font Warning: Size substitutions with differences
(Font)              up to 1.65004pt have occurred.


LaTeX Warning: There were undefined references.


LaTeX Warning: There were multiply-defined labels.

 ) 
Here is how much of TeX's memory you used:
 14530 strings out of 492639
 262331 string characters out of 6135497
 304347 words of memory out of 5000000
 18273 multiletter control sequences out of 15000+600000
 547058 words of font info for 80 fonts, out of 8000000 for 9000
 1141 hyphenation exceptions out of 8191
 41i,12n,68p,1625b,275s stack positions out of 5000i,500n,10000p,200000b,80000s
{/usr/share/texmf-dist/fonts/enc/dvips/base/8r.enc}</usr/share/texmf-dist/fon
ts/type1/public/amsfonts/cm/cmbx12.pfb></usr/share/texmf-dist/fonts/type1/publi
c/amsfonts/cm/cmex10.pfb></usr/share/texmf-dist/fonts/type1/public/amsfonts/cm/
cmmi12.pfb></usr/share/texmf-dist/fonts/type1/public/amsfonts/cm/cmmi6.pfb></us
r/share/texmf-dist/fonts/type1/public/amsfonts/cm/cmmi7.pfb></usr/share/texmf-d
ist/fonts/type1/public/amsfonts/cm/cmmi8.pfb></usr/share/texmf-dist/fonts/type1
/public/amsfonts/cm/cmr12.pfb></usr/share/texmf-dist/fonts/type1/public/amsfont
s/cm/cmr17.pfb></usr/share/texmf-dist/fonts/type1/public/amsfonts/cm/cmr5.pfb><
/usr/share/texmf-dist/fonts/type1/public/amsfonts/cm/cmr6.pfb></usr/share/texmf
-dist/fonts/type1/public/amsfonts/cm/cmr7.pfb></usr/share/texmf-dist/fonts/type
1/public/amsfonts/cm/cmr8.pfb></usr/share/texmf-dist/fonts/type1/public/amsfont
s/cm/cmsy10.pfb></usr/share/texmf-dist/fonts/type1/public/amsfonts/cm/cmsy8.pfb
></usr/share/texmf-dist/fonts/type1/public/amsfonts/cm/cmti12.pfb></usr/share/t
exmf-dist/fonts/type1/public/amsfonts/symbols/msbm10.pfb></usr/share/texmf-dist
/fonts/type1/public/rsfs/rsfs10.pfb></usr/share/texmf-dist/fonts/type1/urw/time
s/utmr8a.pfb>
Output written on report.pdf (36 pages, 4771990 bytes).
PDF statistics:
 225 PDF objects out of 1000 (max. 8388607)
 136 compressed objects within 2 object streams
 0 named destinations out of 1000 (max. 500000)
 126 words of extra memory for PDF output out of 10000 (max. 10000000)

